Library/Bee/Android/Prj/Mono2x/Gradle/launcher/build/intermediates/manifest_merge_blame_file/release/manifest-merger-blame-release-report.txt
1<?xml version="1.0" encoding="utf-8"?>
2<manifest xmlns:android="http://schemas.android.com/apk/res/android"
3    package="com.DefaultCompany.ARabiCalligraph"
4    android:installLocation="preferExternal"
5    android:versionCode="1"
6    android:versionName="1.0.2" >
7
8    <uses-sdk
9        android:minSdkVersion="22"
9-->src\main\AndroidManifest.xml
10        android:targetSdkVersion="32" />
10-->src\main\AndroidManifest.xml
11
12    <supports-screens
12-->src\main\AndroidManifest.xml:3:3-163
13        android:anyDensity="true"
13-->src\main\AndroidManifest.xml:3:135-160
14        android:largeScreens="true"
14-->src\main\AndroidManifest.xml:3:78-105
15        android:normalScreens="true"
15-->src\main\AndroidManifest.xml:3:49-77
16        android:smallScreens="true"
16-->src\main\AndroidManifest.xml:3:21-48
17        android:xlargeScreens="true" />
17-->src\main\AndroidManifest.xml:3:106-134
18
19    <uses-feature android:glEsVersion="0x00030000" />
19-->[:unityLibrary] AndroidManifest.xml:10:5-54
19-->[:unityLibrary] AndroidManifest.xml:10:19-51
20    <uses-feature
20-->[:unityLibrary] AndroidManifest.xml:11:5-13:36
21        android:name="android.hardware.vulkan.version"
21-->[:unityLibrary] AndroidManifest.xml:12:9-55
22        android:required="false" />
22-->[:unityLibrary] AndroidManifest.xml:13:9-33
23
24    <uses-permission android:name="android.permission.CAMERA" />
24-->[:unityLibrary] AndroidManifest.xml:15:5-65
24-->[:unityLibrary] AndroidManifest.xml:15:22-62
25
26    <uses-feature
26-->[:unityLibrary] AndroidManifest.xml:17:5-19:36
27        android:name="android.hardware.camera"
27-->[:unityLibrary] AndroidManifest.xml:18:9-47
28        android:required="false" />
28-->[:unityLibrary] AndroidManifest.xml:19:9-33
29    <uses-feature
29-->[:unityLibrary] AndroidManifest.xml:20:5-22:36
30        android:name="android.hardware.camera.autofocus"
30-->[:unityLibrary] AndroidManifest.xml:21:9-57
31        android:required="false" />
31-->[:unityLibrary] AndroidManifest.xml:22:9-33
32    <uses-feature
32-->[:unityLibrary] AndroidManifest.xml:23:5-25:36
33        android:name="android.hardware.camera.front"
33-->[:unityLibrary] AndroidManifest.xml:24:9-53
34        android:required="false" />
34-->[:unityLibrary] AndroidManifest.xml:25:9-33
35    <uses-feature
35-->[:unityLibrary] AndroidManifest.xml:26:5-28:36
36        android:name="android.hardware.touchscreen"
36-->[:unityLibrary] AndroidManifest.xml:27:9-52
37        android:required="false" />
37-->[:unityLibrary] AndroidManifest.xml:28:9-33
38    <uses-feature
38-->[:unityLibrary] AndroidManifest.xml:29:5-31:36
39        android:name="android.hardware.touchscreen.multitouch"
39-->[:unityLibrary] AndroidManifest.xml:30:9-63
40        android:required="false" />
40-->[:unityLibrary] AndroidManifest.xml:31:9-33
41    <uses-feature
41-->[:unityLibrary] AndroidManifest.xml:32:5-34:36
42        android:name="android.hardware.touchscreen.multitouch.distinct"
42-->[:unityLibrary] AndroidManifest.xml:33:9-72
43        android:required="false" />
43-->[:unityLibrary] AndroidManifest.xml:34:9-33
44
45    <uses-permission android:name="android.permission.POST_NOTIFICATIONS" />
45-->[:unityLibrary:mobilenotifications.androidlib] AndroidManifest.xml:7:5-77
45-->[:unityLibrary:mobilenotifications.androidlib] AndroidManifest.xml:7:22-74
46
47    <application
47-->src\main\AndroidManifest.xml:4:3-83
48        android:extractNativeLibs="true"
48-->[:unityLibrary] AndroidManifest.xml:36:18-50
49        android:icon="@mipmap/app_icon"
49-->src\main\AndroidManifest.xml:4:49-80
50        android:label="@string/app_name" >
50-->src\main\AndroidManifest.xml:4:16-48
51        <activity
51-->[:unityLibrary] AndroidManifest.xml:37:9-58:20
52            android:name="com.unity3d.player.UnityPlayerActivity"
52-->[:unityLibrary] AndroidManifest.xml:38:13-66
53            android:configChanges="mcc|mnc|locale|touchscreen|keyboard|keyboardHidden|navigation|orientation|screenLayout|uiMode|screenSize|smallestScreenSize|fontScale|layoutDirection|density"
53-->[:unityLibrary] AndroidManifest.xml:39:13-194
54            android:exported="true"
54-->[:unityLibrary] AndroidManifest.xml:40:13-36
55            android:hardwareAccelerated="false"
55-->[:unityLibrary] AndroidManifest.xml:41:13-48
56            android:launchMode="singleTask"
56-->[:unityLibrary] AndroidManifest.xml:42:13-44
57            android:resizeableActivity="false"
57-->[:unityLibrary] AndroidManifest.xml:43:13-47
58            android:screenOrientation="fullUser"
58-->[:unityLibrary] AndroidManifest.xml:44:13-49
59            android:theme="@style/UnityThemeSelector" >
59-->[:unityLibrary] AndroidManifest.xml:45:13-54
60            <intent-filter>
60-->[:unityLibrary] AndroidManifest.xml:46:13-50:29
61                <action android:name="android.intent.action.MAIN" />
61-->[:unityLibrary] AndroidManifest.xml:47:17-69
61-->[:unityLibrary] AndroidManifest.xml:47:25-66
62
63                <category android:name="android.intent.category.LAUNCHER" />
63-->[:unityLibrary] AndroidManifest.xml:49:17-77
63-->[:unityLibrary] AndroidManifest.xml:49:27-74
64            </intent-filter>
65
66            <meta-data
66-->[:unityLibrary] AndroidManifest.xml:52:13-54:40
67                android:name="unityplayer.UnityActivity"
67-->[:unityLibrary] AndroidManifest.xml:53:17-57
68                android:value="true" />
68-->[:unityLibrary] AndroidManifest.xml:54:17-37
69            <meta-data
69-->[:unityLibrary] AndroidManifest.xml:55:13-57:40
70                android:name="android.notch_support"
70-->[:unityLibrary] AndroidManifest.xml:56:17-53
71                android:value="true" />
71-->[:unityLibrary] AndroidManifest.xml:57:17-37
72        </activity>
73
74        <meta-data
74-->[:unityLibrary] AndroidManifest.xml:60:9-62:33
75            android:name="unity.splash-mode"
75-->[:unityLibrary] AndroidManifest.xml:61:13-45
76            android:value="0" />
76-->[:unityLibrary] AndroidManifest.xml:62:13-30
77        <meta-data
77-->[:unityLibrary] AndroidManifest.xml:63:9-65:36
78            android:name="unity.splash-enable"
78-->[:unityLibrary] AndroidManifest.xml:64:13-47
79            android:value="True" />
79-->[:unityLibrary] AndroidManifest.xml:65:13-33
80        <meta-data
80-->[:unityLibrary] AndroidManifest.xml:66:9-68:36
81            android:name="unity.launch-fullscreen"
81-->[:unityLibrary] AndroidManifest.xml:67:13-51
82            android:value="True" />
82-->[:unityLibrary] AndroidManifest.xml:68:13-33
83        <meta-data
83-->[:unityLibrary] AndroidManifest.xml:69:9-71:50
84            android:name="notch.config"
84-->[:unityLibrary] AndroidManifest.xml:70:13-40
85            android:value="portrait|landscape" />
85-->[:unityLibrary] AndroidManifest.xml:71:13-47
86        <meta-data
86-->[:unityLibrary] AndroidManifest.xml:72:9-74:36
87            android:name="unity.auto-report-fully-drawn"
87-->[:unityLibrary] AndroidManifest.xml:73:13-57
88            android:value="true" />
88-->[:unityLibrary] AndroidManifest.xml:74:13-33
89
90        <receiver
90-->[:unityLibrary:mobilenotifications.androidlib] AndroidManifest.xml:10:9-12:40
91            android:name="com.unity.androidnotifications.UnityNotificationManager"
91-->[:unityLibrary:mobilenotifications.androidlib] AndroidManifest.xml:11:13-83
92            android:exported="false" />
92-->[:unityLibrary:mobilenotifications.androidlib] AndroidManifest.xml:12:13-37
93        <receiver
93-->[:unityLibrary:mobilenotifications.androidlib] AndroidManifest.xml:13:9-20:20
94            android:name="com.unity.androidnotifications.UnityNotificationRestartReceiver"
94-->[:unityLibrary:mobilenotifications.androidlib] AndroidManifest.xml:14:13-91
95            android:enabled="false"
95-->[:unityLibrary:mobilenotifications.androidlib] AndroidManifest.xml:15:13-36
96            android:exported="false" >
96-->[:unityLibrary:mobilenotifications.androidlib] AndroidManifest.xml:16:13-37
97            <intent-filter>
97-->[:unityLibrary:mobilenotifications.androidlib] AndroidManifest.xml:17:13-19:29
98                <action android:name="android.intent.action.BOOT_COMPLETED" />
98-->[:unityLibrary:mobilenotifications.androidlib] AndroidManifest.xml:18:17-79
98-->[:unityLibrary:mobilenotifications.androidlib] AndroidManifest.xml:18:25-76
99            </intent-filter>
100        </receiver>
101
102        <meta-data
102-->[:unityLibrary:mobilenotifications.androidlib] AndroidManifest.xml:22:9-24:33
103            android:name="com.unity.androidnotifications.exact_scheduling"
103-->[:unityLibrary:mobilenotifications.androidlib] AndroidManifest.xml:23:13-75
104            android:value="0" />
104-->[:unityLibrary:mobilenotifications.androidlib] AndroidManifest.xml:24:13-30
105    </application>
106
107</manifest>